<?xml version="1.0" encoding="UTF-8"?>
<coverage generated="1715613163283" clover="3.2.0">
  <project timestamp="1715613163284" name="All files">
    <metrics statements="52" coveredstatements="52" conditionals="9" coveredconditionals="9" methods="9" coveredmethods="9" elements="70" coveredelements="70" complexity="0" loc="52" ncloc="52" packages="1" files="7" classes="7"/>
    <file name="01-hello-world.js" path="C:\Users\HP\Documents\GitHub\Data-Structure-JS\01-basic-challenges\01-hello-world.js">
      <metrics statements="2" coveredstatements="2" conditionals="0" coveredconditionals="0" methods="1" coveredmethods="1"/>
      <line num="21" count="1" type="stmt"/>
      <line num="23" count="1" type="stmt"/>
    </file>
    <file name="02-get-sum.js" path="C:\Users\HP\Documents\GitHub\Data-Structure-JS\01-basic-challenges\02-get-sum.js">
      <metrics statements="2" coveredstatements="2" conditionals="0" coveredconditionals="0" methods="1" coveredmethods="1"/>
      <line num="25" count="1" type="stmt"/>
      <line num="27" count="1" type="stmt"/>
    </file>
    <file name="03-calculator.js" path="C:\Users\HP\Documents\GitHub\Data-Structure-JS\01-basic-challenges\03-calculator.js">
      <metrics statements="12" coveredstatements="12" conditionals="5" coveredconditionals="5" methods="1" coveredmethods="1"/>
      <line num="28" count="5" type="cond" truecount="5" falsecount="0"/>
      <line num="30" count="1" type="stmt"/>
      <line num="31" count="1" type="stmt"/>
      <line num="33" count="1" type="stmt"/>
      <line num="34" count="1" type="stmt"/>
      <line num="36" count="1" type="stmt"/>
      <line num="37" count="1" type="stmt"/>
      <line num="39" count="1" type="stmt"/>
      <line num="40" count="1" type="stmt"/>
      <line num="43" count="1" type="stmt"/>
      <line num="45" count="4" type="stmt"/>
      <line num="47" count="1" type="stmt"/>
    </file>
    <file name="04-countOccurences.js" path="C:\Users\HP\Documents\GitHub\Data-Structure-JS\01-basic-challenges\04-countOccurences.js">
      <metrics statements="8" coveredstatements="8" conditionals="2" coveredconditionals="2" methods="1" coveredmethods="1"/>
      <line num="29" count="1" type="stmt"/>
      <line num="30" count="1" type="stmt"/>
      <line num="32" count="1" type="stmt"/>
      <line num="33" count="1" type="stmt"/>
      <line num="34" count="5" type="cond" truecount="2" falsecount="0"/>
      <line num="35" count="2" type="stmt"/>
      <line num="38" count="1" type="stmt"/>
      <line num="44" count="1" type="stmt"/>
    </file>
    <file name="05-find-max-number.js" path="C:\Users\HP\Documents\GitHub\Data-Structure-JS\01-basic-challenges\05-find-max-number.js">
      <metrics statements="6" coveredstatements="6" conditionals="2" coveredconditionals="2" methods="1" coveredmethods="1"/>
      <line num="20" count="2" type="stmt"/>
      <line num="21" count="2" type="stmt"/>
      <line num="22" count="20" type="cond" truecount="2" falsecount="0"/>
      <line num="23" count="2" type="stmt"/>
      <line num="26" count="2" type="stmt"/>
      <line num="28" count="1" type="stmt"/>
    </file>
    <file name="06-title-case.js" path="C:\Users\HP\Documents\GitHub\Data-Structure-JS\01-basic-challenges\06-title-case.js">
      <metrics statements="6" coveredstatements="6" conditionals="0" coveredconditionals="0" methods="1" coveredmethods="1"/>
      <line num="21" count="1" type="stmt"/>
      <line num="22" count="1" type="stmt"/>
      <line num="23" count="1" type="stmt"/>
      <line num="24" count="3" type="stmt"/>
      <line num="26" count="1" type="stmt"/>
      <line num="29" count="1" type="stmt"/>
    </file>
    <file name="07-reverse-string.js" path="C:\Users\HP\Documents\GitHub\Data-Structure-JS\01-basic-challenges\07-reverse-string.js">
      <metrics statements="16" coveredstatements="16" conditionals="0" coveredconditionals="0" methods="3" coveredmethods="3"/>
      <line num="20" count="1" type="stmt"/>
      <line num="21" count="1" type="stmt"/>
      <line num="22" count="1" type="stmt"/>
      <line num="24" count="1" type="stmt"/>
      <line num="25" count="3" type="stmt"/>
      <line num="26" count="3" type="stmt"/>
      <line num="27" count="3" type="stmt"/>
      <line num="30" count="3" type="stmt"/>
      <line num="31" count="3" type="stmt"/>
      <line num="33" count="1" type="stmt"/>
      <line num="39" count="1" type="stmt"/>
      <line num="40" count="1" type="stmt"/>
      <line num="41" count="7" type="stmt"/>
      <line num="43" count="1" type="stmt"/>
      <line num="49" count="1" type="stmt"/>
      <line num="52" count="1" type="stmt"/>
    </file>
  </project>
</coverage>
