<?xml version="1.0" encoding="UTF-8"?>
<coverage generated="1715424970614" clover="3.2.0">
  <project timestamp="1715424970615" name="All files">
    <metrics statements="24" coveredstatements="24" conditionals="7" coveredconditionals="7" methods="4" coveredmethods="4" elements="35" coveredelements="35" complexity="0" loc="24" ncloc="24" packages="1" files="4" classes="4"/>
    <file name="01-hello-world.js" path="C:\Users\HP\Documents\GitHub\Data-Structure-JS\01-basic-challenges\01-hello-world.js">
      <metrics statements="2" coveredstatements="2" conditionals="0" coveredconditionals="0" methods="1" coveredmethods="1"/>
      <line num="2" count="1" type="stmt"/>
      <line num="4" count="1" type="stmt"/>
    </file>
    <file name="02-get-sum.js" path="C:\Users\HP\Documents\GitHub\Data-Structure-JS\01-basic-challenges\02-get-sum.js">
      <metrics statements="2" coveredstatements="2" conditionals="0" coveredconditionals="0" methods="1" coveredmethods="1"/>
      <line num="4" count="1" type="stmt"/>
      <line num="6" count="1" type="stmt"/>
    </file>
    <file name="03-calculator.js" path="C:\Users\HP\Documents\GitHub\Data-Structure-JS\01-basic-challenges\03-calculator.js">
      <metrics statements="12" coveredstatements="12" conditionals="5" coveredconditionals="5" methods="1" coveredmethods="1"/>
      <line num="3" count="5" type="cond" truecount="5" falsecount="0"/>
      <line num="5" count="1" type="stmt"/>
      <line num="6" count="1" type="stmt"/>
      <line num="8" count="1" type="stmt"/>
      <line num="9" count="1" type="stmt"/>
      <line num="11" count="1" type="stmt"/>
      <line num="12" count="1" type="stmt"/>
      <line num="14" count="1" type="stmt"/>
      <line num="15" count="1" type="stmt"/>
      <line num="18" count="1" type="stmt"/>
      <line num="20" count="4" type="stmt"/>
      <line num="22" count="1" type="stmt"/>
    </file>
    <file name="04-countOccurences.js" path="C:\Users\HP\Documents\GitHub\Data-Structure-JS\01-basic-challenges\04-countOccurences.js">
      <metrics statements="8" coveredstatements="8" conditionals="2" coveredconditionals="2" methods="1" coveredmethods="1"/>
      <line num="29" count="1" type="stmt"/>
      <line num="30" count="1" type="stmt"/>
      <line num="32" count="1" type="stmt"/>
      <line num="33" count="1" type="stmt"/>
      <line num="34" count="5" type="cond" truecount="2" falsecount="0"/>
      <line num="35" count="2" type="stmt"/>
      <line num="38" count="1" type="stmt"/>
      <line num="44" count="1" type="stmt"/>
    </file>
  </project>
</coverage>
