{"C:\\Users\\HP\\Documents\\GitHub\\Data-Structure-JS\\01-basic-challenges\\01-hello-world.js": {"path":"C:\\Users\\HP\\Documents\\GitHub\\Data-Structure-JS\\01-basic-challenges\\01-hello-world.js","statementMap":{"0":{"start":{"line":21,"column":2},"end":{"line":21,"column":24}},"1":{"start":{"line":23,"column":0},"end":{"line":23,"column":28}}},"fnMap":{"0":{"name":"helloWorld","decl":{"start":{"line":20,"column":9},"end":{"line":20,"column":19}},"loc":{"start":{"line":20,"column":22},"end":{"line":22,"column":1}},"line":20}},"branchMap":{},"s":{"0":1,"1":1},"f":{"0":1},"b":{},"_coverageSchema":"1a1c01bbd47fc00a2c39e90264f33305004495a9","hash":"6dbc16aaa1f9c669efb52dadd6ae412a6acf0bf1"}
,"C:\\Users\\HP\\Documents\\GitHub\\Data-Structure-JS\\01-basic-challenges\\02-get-sum.js": {"path":"C:\\Users\\HP\\Documents\\GitHub\\Data-Structure-JS\\01-basic-challenges\\02-get-sum.js","statementMap":{"0":{"start":{"line":25,"column":2},"end":{"line":25,"column":15}},"1":{"start":{"line":27,"column":0},"end":{"line":27,"column":24}}},"fnMap":{"0":{"name":"getSum","decl":{"start":{"line":22,"column":9},"end":{"line":22,"column":15}},"loc":{"start":{"line":22,"column":22},"end":{"line":26,"column":1}},"line":22}},"branchMap":{},"s":{"0":1,"1":1},"f":{"0":1},"b":{},"_coverageSchema":"1a1c01bbd47fc00a2c39e90264f33305004495a9","hash":"7fc563aa2e7ae10b92418e58d501ffb443d23014"}
,"C:\\Users\\HP\\Documents\\GitHub\\Data-Structure-JS\\01-basic-challenges\\03-calculator.js": {"path":"C:\\Users\\HP\\Documents\\GitHub\\Data-Structure-JS\\01-basic-challenges\\03-calculator.js","statementMap":{"0":{"start":{"line":28,"column":2},"end":{"line":44,"column":3}},"1":{"start":{"line":30,"column":6},"end":{"line":30,"column":27}},"2":{"start":{"line":31,"column":6},"end":{"line":31,"column":12}},"3":{"start":{"line":33,"column":6},"end":{"line":33,"column":27}},"4":{"start":{"line":34,"column":6},"end":{"line":34,"column":12}},"5":{"start":{"line":36,"column":6},"end":{"line":36,"column":27}},"6":{"start":{"line":37,"column":6},"end":{"line":37,"column":12}},"7":{"start":{"line":39,"column":6},"end":{"line":39,"column":27}},"8":{"start":{"line":40,"column":6},"end":{"line":40,"column":12}},"9":{"start":{"line":43,"column":6},"end":{"line":43,"column":42}},"10":{"start":{"line":45,"column":2},"end":{"line":45,"column":16}},"11":{"start":{"line":47,"column":0},"end":{"line":47,"column":28}}},"fnMap":{"0":{"name":"calculator","decl":{"start":{"line":26,"column":9},"end":{"line":26,"column":19}},"loc":{"start":{"line":26,"column":42},"end":{"line":46,"column":1}},"line":26}},"branchMap":{"0":{"loc":{"start":{"line":28,"column":2},"end":{"line":44,"column":3}},"type":"switch","locations":[{"start":{"line":29,"column":4},"end":{"line":31,"column":12}},{"start":{"line":32,"column":4},"end":{"line":34,"column":12}},{"start":{"line":35,"column":4},"end":{"line":37,"column":12}},{"start":{"line":38,"column":4},"end":{"line":40,"column":12}},{"start":{"line":42,"column":4},"end":{"line":43,"column":42}}],"line":28}},"s":{"0":5,"1":1,"2":1,"3":1,"4":1,"5":1,"6":1,"7":1,"8":1,"9":1,"10":4,"11":1},"f":{"0":5},"b":{"0":[1,1,1,1,1]},"_coverageSchema":"1a1c01bbd47fc00a2c39e90264f33305004495a9","hash":"41121f7a20a8893a6b217dce6df408d52647bbdd"}
,"C:\\Users\\HP\\Documents\\GitHub\\Data-Structure-JS\\01-basic-challenges\\04-countOccurences.js": {"path":"C:\\Users\\HP\\Documents\\GitHub\\Data-Structure-JS\\01-basic-challenges\\04-countOccurences.js","statementMap":{"0":{"start":{"line":29,"column":17},"end":{"line":29,"column":34}},"1":{"start":{"line":30,"column":18},"end":{"line":30,"column":36}},"2":{"start":{"line":32,"column":14},"end":{"line":32,"column":15}},"3":{"start":{"line":33,"column":2},"end":{"line":37,"column":3}},"4":{"start":{"line":33,"column":15},"end":{"line":33,"column":16}},"5":{"start":{"line":34,"column":4},"end":{"line":36,"column":5}},"6":{"start":{"line":35,"column":6},"end":{"line":35,"column":14}},"7":{"start":{"line":38,"column":2},"end":{"line":38,"column":15}},"8":{"start":{"line":44,"column":0},"end":{"line":44,"column":34}}},"fnMap":{"0":{"name":"countOccurrences","decl":{"start":{"line":28,"column":9},"end":{"line":28,"column":25}},"loc":{"start":{"line":28,"column":37},"end":{"line":39,"column":1}},"line":28}},"branchMap":{"0":{"loc":{"start":{"line":34,"column":4},"end":{"line":36,"column":5}},"type":"if","locations":[{"start":{"line":34,"column":4},"end":{"line":36,"column":5}},{"start":{},"end":{}}],"line":34}},"s":{"0":1,"1":1,"2":1,"3":1,"4":1,"5":5,"6":2,"7":1,"8":1},"f":{"0":1},"b":{"0":[2,3]},"_coverageSchema":"1a1c01bbd47fc00a2c39e90264f33305004495a9","hash":"48e6711d2d4df5f6d7f31779bb220823c56cc022"}
,"C:\\Users\\HP\\Documents\\GitHub\\Data-Structure-JS\\01-basic-challenges\\05-find-max-number.js": {"path":"C:\\Users\\HP\\Documents\\GitHub\\Data-Structure-JS\\01-basic-challenges\\05-find-max-number.js","statementMap":{"0":{"start":{"line":20,"column":12},"end":{"line":20,"column":18}},"1":{"start":{"line":21,"column":2},"end":{"line":25,"column":3}},"2":{"start":{"line":21,"column":15},"end":{"line":21,"column":16}},"3":{"start":{"line":22,"column":4},"end":{"line":24,"column":5}},"4":{"start":{"line":23,"column":6},"end":{"line":23,"column":19}},"5":{"start":{"line":26,"column":2},"end":{"line":26,"column":13}},"6":{"start":{"line":28,"column":0},"end":{"line":28,"column":31}}},"fnMap":{"0":{"name":"findMaxNumber","decl":{"start":{"line":19,"column":9},"end":{"line":19,"column":22}},"loc":{"start":{"line":19,"column":28},"end":{"line":27,"column":1}},"line":19}},"branchMap":{"0":{"loc":{"start":{"line":22,"column":4},"end":{"line":24,"column":5}},"type":"if","locations":[{"start":{"line":22,"column":4},"end":{"line":24,"column":5}},{"start":{},"end":{}}],"line":22}},"s":{"0":2,"1":2,"2":2,"3":20,"4":2,"5":2,"6":1},"f":{"0":2},"b":{"0":[2,18]},"_coverageSchema":"1a1c01bbd47fc00a2c39e90264f33305004495a9","hash":"14be33b81cc65786e0307be337d0b63f699be5d4"}
,"C:\\Users\\HP\\Documents\\GitHub\\Data-Structure-JS\\01-basic-challenges\\06-title-case.js": {"path":"C:\\Users\\HP\\Documents\\GitHub\\Data-Structure-JS\\01-basic-challenges\\06-title-case.js","statementMap":{"0":{"start":{"line":21,"column":14},"end":{"line":21,"column":42}},"1":{"start":{"line":22,"column":2},"end":{"line":22,"column":28}},"2":{"start":{"line":23,"column":2},"end":{"line":25,"column":3}},"3":{"start":{"line":23,"column":15},"end":{"line":23,"column":16}},"4":{"start":{"line":24,"column":4},"end":{"line":24,"column":61}},"5":{"start":{"line":26,"column":2},"end":{"line":26,"column":25}},"6":{"start":{"line":29,"column":0},"end":{"line":29,"column":27}}},"fnMap":{"0":{"name":"titleCase","decl":{"start":{"line":20,"column":9},"end":{"line":20,"column":18}},"loc":{"start":{"line":20,"column":24},"end":{"line":27,"column":1}},"line":20}},"branchMap":{},"s":{"0":1,"1":1,"2":1,"3":1,"4":3,"5":1,"6":1},"f":{"0":1},"b":{},"_coverageSchema":"1a1c01bbd47fc00a2c39e90264f33305004495a9","hash":"e2fa924efa7ad97bbe59edf89280e7b96a6dbc57"}
,"C:\\Users\\HP\\Documents\\GitHub\\Data-Structure-JS\\01-basic-challenges\\07-reverse-string.js": {"path":"C:\\Users\\HP\\Documents\\GitHub\\Data-Structure-JS\\01-basic-challenges\\07-reverse-string.js","statementMap":{"0":{"start":{"line":20,"column":14},"end":{"line":20,"column":15}},"1":{"start":{"line":21,"column":12},"end":{"line":21,"column":26}},"2":{"start":{"line":22,"column":17},"end":{"line":22,"column":30}},"3":{"start":{"line":24,"column":2},"end":{"line":32,"column":3}},"4":{"start":{"line":25,"column":15},"end":{"line":25,"column":30}},"5":{"start":{"line":26,"column":4},"end":{"line":26,"column":36}},"6":{"start":{"line":27,"column":4},"end":{"line":27,"column":25}},"7":{"start":{"line":30,"column":4},"end":{"line":30,"column":12}},"8":{"start":{"line":31,"column":4},"end":{"line":31,"column":10}},"9":{"start":{"line":33,"column":2},"end":{"line":33,"column":27}},"10":{"start":{"line":39,"column":17},"end":{"line":39,"column":19}},"11":{"start":{"line":40,"column":2},"end":{"line":42,"column":3}},"12":{"start":{"line":40,"column":15},"end":{"line":40,"column":29}},"13":{"start":{"line":41,"column":4},"end":{"line":41,"column":23}},"14":{"start":{"line":43,"column":2},"end":{"line":43,"column":18}},"15":{"start":{"line":49,"column":2},"end":{"line":49,"column":42}},"16":{"start":{"line":52,"column":0},"end":{"line":56,"column":2}}},"fnMap":{"0":{"name":"reverseString","decl":{"start":{"line":19,"column":9},"end":{"line":19,"column":22}},"loc":{"start":{"line":19,"column":28},"end":{"line":34,"column":1}},"line":19},"1":{"name":"reverseString1","decl":{"start":{"line":38,"column":9},"end":{"line":38,"column":23}},"loc":{"start":{"line":38,"column":29},"end":{"line":44,"column":1}},"line":38},"2":{"name":"reverseString2","decl":{"start":{"line":48,"column":9},"end":{"line":48,"column":23}},"loc":{"start":{"line":48,"column":29},"end":{"line":50,"column":1}},"line":48}},"branchMap":{},"s":{"0":1,"1":1,"2":1,"3":1,"4":3,"5":3,"6":3,"7":3,"8":3,"9":1,"10":1,"11":1,"12":1,"13":7,"14":1,"15":1,"16":1},"f":{"0":1,"1":1,"2":1},"b":{},"_coverageSchema":"1a1c01bbd47fc00a2c39e90264f33305004495a9","hash":"3b7b9f37ffe56302145f32cd8834ace60c2ec83a"}
}
