{"C:\\Users\\HP\\Documents\\GitHub\\Data-Structure-JS\\01-basic-challenges\\01-hello-world.js": {"path":"C:\\Users\\HP\\Documents\\GitHub\\Data-Structure-JS\\01-basic-challenges\\01-hello-world.js","statementMap":{"0":{"start":{"line":2,"column":2},"end":{"line":2,"column":24}},"1":{"start":{"line":4,"column":0},"end":{"line":4,"column":28}}},"fnMap":{"0":{"name":"helloWorld","decl":{"start":{"line":1,"column":9},"end":{"line":1,"column":19}},"loc":{"start":{"line":1,"column":22},"end":{"line":3,"column":1}},"line":1}},"branchMap":{},"s":{"0":1,"1":1},"f":{"0":1},"b":{},"_coverageSchema":"1a1c01bbd47fc00a2c39e90264f33305004495a9","hash":"2ce934f22efffba607b239a53bcac4581016033b"}
,"C:\\Users\\HP\\Documents\\GitHub\\Data-Structure-JS\\01-basic-challenges\\02-get-sum.js": {"path":"C:\\Users\\HP\\Documents\\GitHub\\Data-Structure-JS\\01-basic-challenges\\02-get-sum.js","statementMap":{"0":{"start":{"line":4,"column":2},"end":{"line":4,"column":15}},"1":{"start":{"line":6,"column":0},"end":{"line":6,"column":24}}},"fnMap":{"0":{"name":"getSum","decl":{"start":{"line":1,"column":9},"end":{"line":1,"column":15}},"loc":{"start":{"line":1,"column":22},"end":{"line":5,"column":1}},"line":1}},"branchMap":{},"s":{"0":1,"1":1},"f":{"0":1},"b":{},"_coverageSchema":"1a1c01bbd47fc00a2c39e90264f33305004495a9","hash":"2a6691d4cc3abceb7fffb60c0b08ae026b6779ec"}
,"C:\\Users\\HP\\Documents\\GitHub\\Data-Structure-JS\\01-basic-challenges\\03-calculator.js": {"path":"C:\\Users\\HP\\Documents\\GitHub\\Data-Structure-JS\\01-basic-challenges\\03-calculator.js","statementMap":{"0":{"start":{"line":3,"column":2},"end":{"line":19,"column":3}},"1":{"start":{"line":5,"column":6},"end":{"line":5,"column":27}},"2":{"start":{"line":6,"column":6},"end":{"line":6,"column":12}},"3":{"start":{"line":8,"column":6},"end":{"line":8,"column":27}},"4":{"start":{"line":9,"column":6},"end":{"line":9,"column":12}},"5":{"start":{"line":11,"column":6},"end":{"line":11,"column":27}},"6":{"start":{"line":12,"column":6},"end":{"line":12,"column":12}},"7":{"start":{"line":14,"column":6},"end":{"line":14,"column":27}},"8":{"start":{"line":15,"column":6},"end":{"line":15,"column":12}},"9":{"start":{"line":18,"column":6},"end":{"line":18,"column":42}},"10":{"start":{"line":20,"column":2},"end":{"line":20,"column":16}},"11":{"start":{"line":22,"column":0},"end":{"line":22,"column":28}}},"fnMap":{"0":{"name":"calculator","decl":{"start":{"line":1,"column":9},"end":{"line":1,"column":19}},"loc":{"start":{"line":1,"column":42},"end":{"line":21,"column":1}},"line":1}},"branchMap":{"0":{"loc":{"start":{"line":3,"column":2},"end":{"line":19,"column":3}},"type":"switch","locations":[{"start":{"line":4,"column":4},"end":{"line":6,"column":12}},{"start":{"line":7,"column":4},"end":{"line":9,"column":12}},{"start":{"line":10,"column":4},"end":{"line":12,"column":12}},{"start":{"line":13,"column":4},"end":{"line":15,"column":12}},{"start":{"line":17,"column":4},"end":{"line":18,"column":42}}],"line":3}},"s":{"0":5,"1":1,"2":1,"3":1,"4":1,"5":1,"6":1,"7":1,"8":1,"9":1,"10":4,"11":1},"f":{"0":5},"b":{"0":[1,1,1,1,1]},"_coverageSchema":"1a1c01bbd47fc00a2c39e90264f33305004495a9","hash":"f0fbbd5ca608a0a0df333aaa008f6c218777fdc5"}
,"C:\\Users\\HP\\Documents\\GitHub\\Data-Structure-JS\\01-basic-challenges\\04-countOccurences.js": {"path":"C:\\Users\\HP\\Documents\\GitHub\\Data-Structure-JS\\01-basic-challenges\\04-countOccurences.js","statementMap":{"0":{"start":{"line":29,"column":17},"end":{"line":29,"column":34}},"1":{"start":{"line":30,"column":18},"end":{"line":30,"column":36}},"2":{"start":{"line":32,"column":14},"end":{"line":32,"column":15}},"3":{"start":{"line":33,"column":2},"end":{"line":37,"column":3}},"4":{"start":{"line":33,"column":15},"end":{"line":33,"column":16}},"5":{"start":{"line":34,"column":4},"end":{"line":36,"column":5}},"6":{"start":{"line":35,"column":6},"end":{"line":35,"column":14}},"7":{"start":{"line":38,"column":2},"end":{"line":38,"column":15}},"8":{"start":{"line":44,"column":0},"end":{"line":44,"column":34}}},"fnMap":{"0":{"name":"countOccurrences","decl":{"start":{"line":28,"column":9},"end":{"line":28,"column":25}},"loc":{"start":{"line":28,"column":37},"end":{"line":39,"column":1}},"line":28}},"branchMap":{"0":{"loc":{"start":{"line":34,"column":4},"end":{"line":36,"column":5}},"type":"if","locations":[{"start":{"line":34,"column":4},"end":{"line":36,"column":5}},{"start":{},"end":{}}],"line":34}},"s":{"0":1,"1":1,"2":1,"3":1,"4":1,"5":5,"6":2,"7":1,"8":1},"f":{"0":1},"b":{"0":[2,3]},"_coverageSchema":"1a1c01bbd47fc00a2c39e90264f33305004495a9","hash":"48e6711d2d4df5f6d7f31779bb220823c56cc022"}
}
