TN:
SF:01-basic-challenges\01-hello-world.js
FN:20,helloWorld
FNF:1
FNH:1
FNDA:1,helloWorld
DA:21,1
DA:23,1
LF:2
LH:2
BRF:0
BRH:0
end_of_record
TN:
SF:01-basic-challenges\02-get-sum.js
FN:22,getSum
FNF:1
FNH:1
FNDA:1,getSum
DA:25,1
DA:27,1
LF:2
LH:2
BRF:0
BRH:0
end_of_record
TN:
SF:01-basic-challenges\03-calculator.js
FN:26,calculator
FNF:1
FNH:1
FNDA:5,calculator
DA:28,5
DA:30,1
DA:31,1
DA:33,1
DA:34,1
DA:36,1
DA:37,1
DA:39,1
DA:40,1
DA:43,1
DA:45,4
DA:47,1
LF:12
LH:12
BRDA:28,0,0,1
BRDA:28,0,1,1
BRDA:28,0,2,1
BRDA:28,0,3,1
BRDA:28,0,4,1
BRF:5
BRH:5
end_of_record
TN:
SF:01-basic-challenges\04-countOccurences.js
FN:28,countOccurrences
FNF:1
FNH:1
FNDA:1,countOccurrences
DA:29,1
DA:30,1
DA:32,1
DA:33,1
DA:34,5
DA:35,2
DA:38,1
DA:44,1
LF:8
LH:8
BRDA:34,0,0,2
BRDA:34,0,1,3
BRF:2
BRH:2
end_of_record
TN:
SF:01-basic-challenges\05-find-max-number.js
FN:19,findMaxNumber
FNF:1
FNH:1
FNDA:2,findMaxNumber
DA:20,2
DA:21,2
DA:22,20
DA:23,2
DA:26,2
DA:28,1
LF:6
LH:6
BRDA:22,0,0,2
BRDA:22,0,1,18
BRF:2
BRH:2
end_of_record
TN:
SF:01-basic-challenges\06-title-case.js
FN:20,titleCase
FNF:1
FNH:1
FNDA:1,titleCase
DA:21,1
DA:22,1
DA:23,1
DA:24,3
DA:26,1
DA:29,1
LF:6
LH:6
BRF:0
BRH:0
end_of_record
TN:
SF:01-basic-challenges\07-reverse-string.js
FN:19,reverseString
FN:38,reverseString1
FN:48,reverseString2
FNF:3
FNH:3
FNDA:1,reverseString
FNDA:1,reverseString1
FNDA:1,reverseString2
DA:20,1
DA:21,1
DA:22,1
DA:24,1
DA:25,3
DA:26,3
DA:27,3
DA:30,3
DA:31,3
DA:33,1
DA:39,1
DA:40,1
DA:41,7
DA:43,1
DA:49,1
DA:52,1
LF:16
LH:16
BRF:0
BRH:0
end_of_record
