TN:
SF:01-basic-challenges\01-hello-world.js
FN:1,helloWorld
FNF:1
FNH:1
FNDA:1,helloWorld
DA:2,1
DA:4,1
LF:2
LH:2
BRF:0
BRH:0
end_of_record
TN:
SF:01-basic-challenges\02-get-sum.js
FN:1,getSum
FNF:1
FNH:1
FNDA:1,getSum
DA:4,1
DA:6,1
LF:2
LH:2
BRF:0
BRH:0
end_of_record
TN:
SF:01-basic-challenges\03-calculator.js
FN:1,calculator
FNF:1
FNH:1
FNDA:5,calculator
DA:3,5
DA:5,1
DA:6,1
DA:8,1
DA:9,1
DA:11,1
DA:12,1
DA:14,1
DA:15,1
DA:18,1
DA:20,4
DA:22,1
LF:12
LH:12
BRDA:3,0,0,1
BRDA:3,0,1,1
BRDA:3,0,2,1
BRDA:3,0,3,1
BRDA:3,0,4,1
BRF:5
BRH:5
end_of_record
TN:
SF:01-basic-challenges\04-countOccurences.js
FN:28,countOccurrences
FNF:1
FNH:1
FNDA:1,countOccurrences
DA:29,1
DA:30,1
DA:32,1
DA:33,1
DA:34,5
DA:35,2
DA:38,1
DA:44,1
LF:8
LH:8
BRDA:34,0,0,2
BRDA:34,0,1,3
BRF:2
BRH:2
end_of_record
